\BOOKMARK [0][]{chapter.6}{1 Overview}{}% 1
\BOOKMARK [1][]{section.7}{1.1 Introduction}{chapter.6}% 2
\BOOKMARK [1][]{section.8}{1.2 Related Work}{chapter.6}% 3
\BOOKMARK [0][]{chapter.9}{2 Concepts}{}% 4
\BOOKMARK [1][]{section.10}{2.1 Problem}{chapter.9}% 5
\BOOKMARK [1][]{section.12}{2.2 Contribution}{chapter.9}% 6
\BOOKMARK [0][]{chapter.13}{3 Method and Implementation}{}% 7
\BOOKMARK [1][]{section.14}{3.1 Methodology}{chapter.13}% 8
\BOOKMARK [1][]{section.15}{3.2 Preconditions}{chapter.13}% 9
\BOOKMARK [2][]{subsection.16}{3.2.1 Adaption of a benchmark}{section.15}% 10
\BOOKMARK [2][]{subsection.17}{3.2.2 Deployment of reports}{section.15}% 11
\BOOKMARK [1][]{section.18}{3.3 Retrieving markers}{chapter.13}% 12
\BOOKMARK [2][]{subsection.19}{3.3.1 Access the HTML structure}{section.18}% 13
\BOOKMARK [2][]{subsection.20}{3.3.2 Search in XML}{section.18}% 14
\BOOKMARK [1][]{section.22}{3.4 Generating a mining plan}{chapter.13}% 15
\BOOKMARK [0][]{chapter.23}{4 Evaluation and Analysis}{}% 16
\BOOKMARK [1][]{section.24}{4.1 JIRA}{chapter.23}% 17
\BOOKMARK [0][]{chapter.26}{5 Conclusion}{}% 18
\BOOKMARK [1][]{section.27}{5.1 Summary}{chapter.26}% 19
\BOOKMARK [1][]{section.28}{5.2 Future Work}{chapter.26}% 20
\BOOKMARK [2][]{subsection.29}{5.2.1 Enhancement of methods}{section.28}% 21
\BOOKMARK [2][]{subsection.30}{5.2.2 Absorption}{section.28}% 22
\BOOKMARK [0][]{appendix*.31}{Bibliography}{}% 23
